31-Mar-2021 20:48:08.399 INFO [main] org.apache.catalina.startup.VersionLoggerListener.log Server version name:   Apache Tomcat/9.0.43
31-Mar-2021 20:48:08.404 INFO [main] org.apache.catalina.startup.VersionLoggerListener.log Server built:          Jan 28 2021 20:25:45 UTC
31-Mar-2021 20:48:08.405 INFO [main] org.apache.catalina.startup.VersionLoggerListener.log Server version number: 9.0.43.0
31-Mar-2021 20:48:08.405 INFO [main] org.apache.catalina.startup.VersionLoggerListener.log OS Name:               Windows 10
31-Mar-2021 20:48:08.405 INFO [main] org.apache.catalina.startup.VersionLoggerListener.log OS Version:            10.0
31-Mar-2021 20:48:08.405 INFO [main] org.apache.catalina.startup.VersionLoggerListener.log Architecture:          amd64
31-Mar-2021 20:48:08.405 INFO [main] org.apache.catalina.startup.VersionLoggerListener.log Java Home:             C:\Program Files\Java\jdk-11.0.10
31-Mar-2021 20:48:08.406 INFO [main] org.apache.catalina.startup.VersionLoggerListener.log JVM Version:           11.0.10+8-LTS-162
31-Mar-2021 20:48:08.406 INFO [main] org.apache.catalina.startup.VersionLoggerListener.log JVM Vendor:            Oracle Corporation
31-Mar-2021 20:48:08.406 INFO [main] org.apache.catalina.startup.VersionLoggerListener.log CATALINA_BASE:         E:\Java\apache-tomcat-9.0.43-windows-x64\apache-tomcat-9.0.43
31-Mar-2021 20:48:08.406 INFO [main] org.apache.catalina.startup.VersionLoggerListener.log CATALINA_HOME:         E:\Java\apache-tomcat-9.0.43-windows-x64\apache-tomcat-9.0.43
31-Mar-2021 20:48:08.426 INFO [main] org.apache.catalina.startup.VersionLoggerListener.log Command line argument: --add-opens=java.base/java.lang=ALL-UNNAMED
31-Mar-2021 20:48:08.426 INFO [main] org.apache.catalina.startup.VersionLoggerListener.log Command line argument: --add-opens=java.base/java.io=ALL-UNNAMED
31-Mar-2021 20:48:08.426 INFO [main] org.apache.catalina.startup.VersionLoggerListener.log Command line argument: --add-opens=java.base/java.util=ALL-UNNAMED
31-Mar-2021 20:48:08.427 INFO [main] org.apache.catalina.startup.VersionLoggerListener.log Command line argument: --add-opens=java.base/java.util.concurrent=ALL-UNNAMED
31-Mar-2021 20:48:08.427 INFO [main] org.apache.catalina.startup.VersionLoggerListener.log Command line argument: --add-opens=java.rmi/sun.rmi.transport=ALL-UNNAMED
31-Mar-2021 20:48:08.427 INFO [main] org.apache.catalina.startup.VersionLoggerListener.log Command line argument: -Djava.util.logging.config.file=E:\Java\apache-tomcat-9.0.43-windows-x64\apache-tomcat-9.0.43\conf\logging.properties
31-Mar-2021 20:48:08.427 INFO [main] org.apache.catalina.startup.VersionLoggerListener.log Command line argument: -Djava.util.logging.manager=org.apache.juli.ClassLoaderLogManager
31-Mar-2021 20:48:08.427 INFO [main] org.apache.catalina.startup.VersionLoggerListener.log Command line argument: -Dhttp.nonProxyHosts=localhost|127.0.0.1|DESKTOP-EOVBSQG
31-Mar-2021 20:48:08.427 INFO [main] org.apache.catalina.startup.VersionLoggerListener.log Command line argument: -Djdk.tls.ephemeralDHKeySize=2048
31-Mar-2021 20:48:08.427 INFO [main] org.apache.catalina.startup.VersionLoggerListener.log Command line argument: -Djava.protocol.handler.pkgs=org.apache.catalina.webresources
31-Mar-2021 20:48:08.427 INFO [main] org.apache.catalina.startup.VersionLoggerListener.log Command line argument: -Dignore.endorsed.dirs=
31-Mar-2021 20:48:08.427 INFO [main] org.apache.catalina.startup.VersionLoggerListener.log Command line argument: -Dcatalina.base=E:\Java\apache-tomcat-9.0.43-windows-x64\apache-tomcat-9.0.43
31-Mar-2021 20:48:08.428 INFO [main] org.apache.catalina.startup.VersionLoggerListener.log Command line argument: -Dcatalina.home=E:\Java\apache-tomcat-9.0.43-windows-x64\apache-tomcat-9.0.43
31-Mar-2021 20:48:08.428 INFO [main] org.apache.catalina.startup.VersionLoggerListener.log Command line argument: -Djava.io.tmpdir=E:\Java\apache-tomcat-9.0.43-windows-x64\apache-tomcat-9.0.43\temp
31-Mar-2021 20:48:08.474 INFO [main] org.apache.catalina.core.AprLifecycleListener.lifecycleEvent Loaded Apache Tomcat Native library [1.2.26] using APR version [1.7.0].
31-Mar-2021 20:48:08.488 INFO [main] org.apache.catalina.core.AprLifecycleListener.lifecycleEvent APR capabilities: IPv6 [true], sendfile [true], accept filters [false], random [true].
31-Mar-2021 20:48:08.488 INFO [main] org.apache.catalina.core.AprLifecycleListener.lifecycleEvent APR/OpenSSL configuration: useAprConnector [false], useOpenSSL [true]
31-Mar-2021 20:48:08.497 INFO [main] org.apache.catalina.core.AprLifecycleListener.initializeSSL OpenSSL successfully initialized [OpenSSL 1.1.1i  8 Dec 2020]
31-Mar-2021 20:48:09.010 INFO [main] org.apache.coyote.AbstractProtocol.init Initializing ProtocolHandler ["http-nio-8080"]
31-Mar-2021 20:48:09.402 INFO [main] org.apache.catalina.startup.Catalina.load Server initialization in [1442] milliseconds
31-Mar-2021 20:48:09.501 INFO [main] org.apache.catalina.core.StandardService.startInternal Starting service [Catalina]
31-Mar-2021 20:48:09.501 INFO [main] org.apache.catalina.core.StandardEngine.startInternal Starting Servlet engine: [Apache Tomcat/9.0.43]
31-Mar-2021 20:48:10.249 WARNING [main] org.apache.catalina.util.SessionIdGeneratorBase.createSecureRandom Creation of SecureRandom instance for session ID generation using [SHA1PRNG] took [284] milliseconds.
31-Mar-2021 20:48:10.398 INFO [main] org.apache.catalina.startup.HostConfig.deployWAR Deploying web application archive [E:\Java\apache-tomcat-9.0.43-windows-x64\apache-tomcat-9.0.43\webapps\ServletFrom_LL.war]
31-Mar-2021 20:48:11.097 INFO [main] org.apache.jasper.servlet.TldScanner.scanJars At least one JAR was scanned for TLDs yet contained no TLDs. Enable debug logging for this logger for a complete list of JARs that were scanned but no TLDs were found in them. Skipping unneeded JARs during scanning can improve startup time and JSP compilation time.
31-Mar-2021 20:48:11.101 INFO [main] org.apache.catalina.startup.HostConfig.deployWAR Deployment of web application archive [E:\Java\apache-tomcat-9.0.43-windows-x64\apache-tomcat-9.0.43\webapps\ServletFrom_LL.war] has finished in [703] ms
31-Mar-2021 20:48:11.102 INFO [main] org.apache.catalina.startup.HostConfig.deployDirectory Deploying web application directory [E:\Java\apache-tomcat-9.0.43-windows-x64\apache-tomcat-9.0.43\webapps\docs]
31-Mar-2021 20:48:11.141 INFO [main] org.apache.catalina.startup.HostConfig.deployDirectory Deployment of web application directory [E:\Java\apache-tomcat-9.0.43-windows-x64\apache-tomcat-9.0.43\webapps\docs] has finished in [38] ms
31-Mar-2021 20:48:11.142 INFO [main] org.apache.catalina.startup.HostConfig.deployDirectory Deploying web application directory [E:\Java\apache-tomcat-9.0.43-windows-x64\apache-tomcat-9.0.43\webapps\examples]
31-Mar-2021 20:48:11.684 INFO [main] org.apache.catalina.startup.HostConfig.deployDirectory Deployment of web application directory [E:\Java\apache-tomcat-9.0.43-windows-x64\apache-tomcat-9.0.43\webapps\examples] has finished in [543] ms
31-Mar-2021 20:48:11.685 INFO [main] org.apache.catalina.startup.HostConfig.deployDirectory Deploying web application directory [E:\Java\apache-tomcat-9.0.43-windows-x64\apache-tomcat-9.0.43\webapps\host-manager]
31-Mar-2021 20:48:11.720 INFO [main] org.apache.catalina.startup.HostConfig.deployDirectory Deployment of web application directory [E:\Java\apache-tomcat-9.0.43-windows-x64\apache-tomcat-9.0.43\webapps\host-manager] has finished in [35] ms
31-Mar-2021 20:48:11.720 INFO [main] org.apache.catalina.startup.HostConfig.deployDirectory Deploying web application directory [E:\Java\apache-tomcat-9.0.43-windows-x64\apache-tomcat-9.0.43\webapps\manager]
31-Mar-2021 20:48:11.759 INFO [main] org.apache.catalina.startup.HostConfig.deployDirectory Deployment of web application directory [E:\Java\apache-tomcat-9.0.43-windows-x64\apache-tomcat-9.0.43\webapps\manager] has finished in [38] ms
31-Mar-2021 20:48:11.759 INFO [main] org.apache.catalina.startup.HostConfig.deployDirectory Deploying web application directory [E:\Java\apache-tomcat-9.0.43-windows-x64\apache-tomcat-9.0.43\webapps\ROOT]
31-Mar-2021 20:48:11.794 INFO [main] org.apache.catalina.startup.HostConfig.deployDirectory Deployment of web application directory [E:\Java\apache-tomcat-9.0.43-windows-x64\apache-tomcat-9.0.43\webapps\ROOT] has finished in [35] ms
31-Mar-2021 20:48:11.800 INFO [main] org.apache.coyote.AbstractProtocol.start Starting ProtocolHandler ["http-nio-8080"]
31-Mar-2021 20:48:11.812 INFO [main] org.apache.catalina.startup.Catalina.start Server startup in [2410] milliseconds
31-Mar-2021 20:48:19.930 INFO [http-nio-8080-exec-9] org.apache.catalina.startup.HostConfig.deployDescriptor Deploying deployment descriptor [E:\Java\apache-tomcat-9.0.43-windows-x64\apache-tomcat-9.0.43\conf\Catalina\localhost\Sample1.xml]
31-Mar-2021 20:48:19.934 WARNING [http-nio-8080-exec-9] org.apache.catalina.startup.HostConfig.deployDescriptor The path attribute with value [/Sample1] in deployment descriptor [E:\Java\apache-tomcat-9.0.43-windows-x64\apache-tomcat-9.0.43\conf\Catalina\localhost\Sample1.xml] has been ignored
31-Mar-2021 20:48:19.975 INFO [http-nio-8080-exec-9] org.apache.catalina.startup.HostConfig.deployDescriptor Deployment of deployment descriptor [E:\Java\apache-tomcat-9.0.43-windows-x64\apache-tomcat-9.0.43\conf\Catalina\localhost\Sample1.xml] has finished in [45] ms
31-Mar-2021 20:48:19.983 INFO [http-nio-8080-exec-8] org.apache.catalina.util.LifecycleBase.start The start() method was called on component [StandardEngine[Catalina].StandardHost[localhost].StandardContext[/Sample1]] after start() had already been called. The second call will be ignored.
31-Mar-2021 20:51:33.813 INFO [main] org.apache.catalina.core.StandardServer.await A valid shutdown command was received via the shutdown port. Stopping the Server instance.
31-Mar-2021 20:51:33.813 INFO [main] org.apache.coyote.AbstractProtocol.pause Pausing ProtocolHandler ["http-nio-8080"]
31-Mar-2021 20:51:34.046 INFO [main] org.apache.catalina.core.StandardService.stopInternal Stopping service [Catalina]
31-Mar-2021 20:51:34.083 INFO [main] org.apache.coyote.AbstractProtocol.stop Stopping ProtocolHandler ["http-nio-8080"]
31-Mar-2021 20:51:34.097 INFO [main] org.apache.coyote.AbstractProtocol.destroy Destroying ProtocolHandler ["http-nio-8080"]
